<?xml version="1.0" encoding="UTF-8"?>
<testng-results ignored="0" total="3" passed="3" failed="0" skipped="0">
  <reporter-output>
  </reporter-output>
  <suite started-at="2022-04-03T20:28:17Z" name="Default suite" finished-at="2022-04-03T20:28:38Z" duration-ms="20383">
    <groups>
      <group name="cucumber">
        <method signature="AbstractTestNGCucumberTests.runScenario(io.cucumber.testng.PickleWrapper, io.cucumber.testng.FeatureWrapper)[pri:0, instance:com.testrunner.amazonLoginTestRunner@57ad2aa7]" name="runScenario" class="io.cucumber.testng.AbstractTestNGCucumberTests"/>
      </group> <!-- cucumber -->
    </groups>
    <test started-at="2022-04-03T20:28:17Z" name="Default test" finished-at="2022-04-03T20:28:38Z" duration-ms="20383">
      <class name="com.testrunner.amazonLoginTestRunner">
        <test-method is-config="true" signature="setUpClass(org.testng.ITestContext)[pri:0, instance:com.testrunner.amazonLoginTestRunner@57ad2aa7]" started-at="2022-04-03T16:28:17Z" name="setUpClass" finished-at="2022-04-03T16:28:18Z" duration-ms="230" status="PASS">
          <params>
            <param index="0">
              <value>
                <![CDATA[org.testng.TestRunner@434514d8]]>
              </value>
            </param>
          </params>
          <reporter-output>
          </reporter-output>
        </test-method> <!-- setUpClass -->
        <test-method signature="runScenario(io.cucumber.testng.PickleWrapper, io.cucumber.testng.FeatureWrapper)[pri:0, instance:com.testrunner.amazonLoginTestRunner@57ad2aa7]" started-at="2022-04-03T16:28:18Z" name="runScenario" description="Runs Cucumber Scenarios" data-provider="scenarios" finished-at="2022-04-03T16:28:24Z" duration-ms="6735" status="PASS">
          <params>
            <param index="0">
              <value>
                <![CDATA["Verify the error message by creating an invalid account"]]>
              </value>
            </param>
            <param index="1">
              <value>
                <![CDATA["Optional[create an account]"]]>
              </value>
            </param>
          </params>
          <reporter-output>
          </reporter-output>
        </test-method> <!-- runScenario -->
        <test-method signature="runScenario(io.cucumber.testng.PickleWrapper, io.cucumber.testng.FeatureWrapper)[pri:0, instance:com.testrunner.amazonLoginTestRunner@57ad2aa7]" started-at="2022-04-03T16:28:24Z" name="runScenario" description="Runs Cucumber Scenarios" data-provider="scenarios" finished-at="2022-04-03T16:28:31Z" duration-ms="6576" status="PASS">
          <params>
            <param index="0">
              <value>
                <![CDATA["Verify the error message by creating an invalid account"]]>
              </value>
            </param>
            <param index="1">
              <value>
                <![CDATA["Optional[create an account]"]]>
              </value>
            </param>
          </params>
          <reporter-output>
          </reporter-output>
        </test-method> <!-- runScenario -->
        <test-method signature="runScenario(io.cucumber.testng.PickleWrapper, io.cucumber.testng.FeatureWrapper)[pri:0, instance:com.testrunner.amazonLoginTestRunner@57ad2aa7]" started-at="2022-04-03T16:28:31Z" name="runScenario" description="Runs Cucumber Scenarios" data-provider="scenarios" finished-at="2022-04-03T16:28:38Z" duration-ms="6815" status="PASS">
          <params>
            <param index="0">
              <value>
                <![CDATA["Verify the error message by creating an invalid account"]]>
              </value>
            </param>
            <param index="1">
              <value>
                <![CDATA["Optional[create an account]"]]>
              </value>
            </param>
          </params>
          <reporter-output>
          </reporter-output>
        </test-method> <!-- runScenario -->
        <test-method is-config="true" signature="tearDownClass()[pri:0, instance:com.testrunner.amazonLoginTestRunner@57ad2aa7]" started-at="2022-04-03T16:28:38Z" name="tearDownClass" finished-at="2022-04-03T16:28:38Z" duration-ms="7" status="PASS">
          <reporter-output>
          </reporter-output>
        </test-method> <!-- tearDownClass -->
      </class> <!-- com.testrunner.amazonLoginTestRunner -->
    </test> <!-- Default test -->
  </suite> <!-- Default suite -->
</testng-results>
